Command line invocation:
    /Applications/Xcode.app/Contents/Developer/usr/bin/xcodebuild -project Murmur.xcodeproj -scheme Murmur -destination "platform=iOS Simulator,name=iPhone 16,OS=18.6" clean build

--- xcodebuild: WARNING: Using the first of multiple matching destinations:
{ platform:iOS Simulator, arch:arm64, id:C7EC57A6-59F5-4382-80AD-95EE373E2BF9, OS:18.6, name:iPhone 16 }
{ platform:iOS Simulator, arch:x86_64, id:C7EC57A6-59F5-4382-80AD-95EE373E2BF9, OS:18.6, name:iPhone 16 }
CreateBuildRequest

SendProjectDescription

CreateBuildOperation

** CLEAN SUCCEEDED **

--- xcodebuild: WARNING: Using the first of multiple matching destinations:
{ platform:iOS Simulator, arch:arm64, id:C7EC57A6-59F5-4382-80AD-95EE373E2BF9, OS:18.6, name:iPhone 16 }
{ platform:iOS Simulator, arch:x86_64, id:C7EC57A6-59F5-4382-80AD-95EE373E2BF9, OS:18.6, name:iPhone 16 }
ComputePackagePrebuildTargetDependencyGraph

Prepare packages

CreateBuildRequest

SendProjectDescription

CreateBuildOperation

ComputeTargetDependencyGraph
note: Building targets in dependency order
note: Target dependency graph (1 target)
    Target 'Murmur' in project 'Murmur' (no dependencies)

GatherProvisioningInputs

CreateBuildDescription

ExecuteExternalTool /Applications/Xcode.app/Contents/Developer/Toolchains/XcodeDefault.xctoolchain/usr/bin/clang -v -E -dM -isysroot /Applications/Xcode.app/Contents/Developer/Platforms/iPhoneSimulator.platform/Developer/SDKs/iPhoneSimulator26.0.sdk -x c -c /dev/null

ExecuteExternalTool /Applications/Xcode.app/Contents/Developer/usr/bin/ibtool --version --output-format xml1

ExecuteExternalTool /Applications/Xcode.app/Contents/Developer/usr/bin/actool --print-asset-tag-combinations --output-format xml1 /Users/acb/Code/Murmur/Murmur/Resources/Assets.xcassets /Users/acb/Code/Murmur/Murmur/Resources/Colors.xcassets

ExecuteExternalTool /Applications/Xcode.app/Contents/Developer/usr/bin/momc --dry-run --action generate --swift-version 5.9 --sdkroot /Applications/Xcode.app/Contents/Developer/Platforms/iPhoneSimulator.platform/Developer/SDKs/iPhoneSimulator26.0.sdk --iphonesimulator-deployment-target 18.0 --module Murmur /Users/acb/Code/Murmur/Murmur/Models/Murmur.xcdatamodeld /Users/acb/Library/Developer/Xcode/DerivedData/Murmur-etkfshwcyrqjrsbhfmwbarjcnsni/Build/Intermediates.noindex/Murmur.build/Debug-iphonesimulator/Murmur.build/DerivedSources/CoreDataGenerated/Murmur

ExecuteExternalTool /Applications/Xcode.app/Contents/Developer/usr/bin/actool --version --output-format xml1

ExecuteExternalTool /Applications/Xcode.app/Contents/Developer/Toolchains/XcodeDefault.xctoolchain/usr/bin/swiftc --version

ExecuteExternalTool /Applications/Xcode.app/Contents/Developer/Toolchains/XcodeDefault.xctoolchain/usr/bin/ld -version_details

Build description signature: 60b80196282d4e273eb6edf2457b9464
Build description path: /Users/acb/Library/Developer/Xcode/DerivedData/Murmur-etkfshwcyrqjrsbhfmwbarjcnsni/Build/Intermediates.noindex/XCBuildData/60b80196282d4e273eb6edf2457b9464.xcbuilddata
ClangStatCache /Applications/Xcode.app/Contents/Developer/Toolchains/XcodeDefault.xctoolchain/usr/bin/clang-stat-cache /Applications/Xcode.app/Contents/Developer/Platforms/iPhoneSimulator.platform/Developer/SDKs/iPhoneSimulator26.0.sdk /Users/acb/Library/Developer/Xcode/DerivedData/SDKStatCaches.noindex/iphonesimulator26.0-23A339-26257891a6c027eb51374368541b8346.sdkstatcache
    cd /Users/acb/Code/Murmur/Murmur.xcodeproj
    /Applications/Xcode.app/Contents/Developer/Toolchains/XcodeDefault.xctoolchain/usr/bin/clang-stat-cache /Applications/Xcode.app/Contents/Developer/Platforms/iPhoneSimulator.platform/Developer/SDKs/iPhoneSimulator26.0.sdk -o /Users/acb/Library/Developer/Xcode/DerivedData/SDKStatCaches.noindex/iphonesimulator26.0-23A339-26257891a6c027eb51374368541b8346.sdkstatcache

CreateBuildDirectory /Users/acb/Library/Developer/Xcode/DerivedData/Murmur-etkfshwcyrqjrsbhfmwbarjcnsni/Build/Products
    cd /Users/acb/Code/Murmur/Murmur.xcodeproj
    builtin-create-build-directory /Users/acb/Library/Developer/Xcode/DerivedData/Murmur-etkfshwcyrqjrsbhfmwbarjcnsni/Build/Products

CreateBuildDirectory /Users/acb/Library/Developer/Xcode/DerivedData/Murmur-etkfshwcyrqjrsbhfmwbarjcnsni/Build/Intermediates.noindex
    cd /Users/acb/Code/Murmur/Murmur.xcodeproj
    builtin-create-build-directory /Users/acb/Library/Developer/Xcode/DerivedData/Murmur-etkfshwcyrqjrsbhfmwbarjcnsni/Build/Intermediates.noindex

CreateBuildDirectory /Users/acb/Library/Developer/Xcode/DerivedData/Murmur-etkfshwcyrqjrsbhfmwbarjcnsni/Build/Products/Debug-iphonesimulator
    cd /Users/acb/Code/Murmur/Murmur.xcodeproj
    builtin-create-build-directory /Users/acb/Library/Developer/Xcode/DerivedData/Murmur-etkfshwcyrqjrsbhfmwbarjcnsni/Build/Products/Debug-iphonesimulator

CreateBuildDirectory /Users/acb/Library/Developer/Xcode/DerivedData/Murmur-etkfshwcyrqjrsbhfmwbarjcnsni/Build/Intermediates.noindex/ExplicitPrecompiledModules
    cd /Users/acb/Code/Murmur/Murmur.xcodeproj
    builtin-create-build-directory /Users/acb/Library/Developer/Xcode/DerivedData/Murmur-etkfshwcyrqjrsbhfmwbarjcnsni/Build/Intermediates.noindex/ExplicitPrecompiledModules

CreateBuildDirectory /Users/acb/Library/Developer/Xcode/DerivedData/Murmur-etkfshwcyrqjrsbhfmwbarjcnsni/Build/Intermediates.noindex/SwiftExplicitPrecompiledModules
    cd /Users/acb/Code/Murmur/Murmur.xcodeproj
    builtin-create-build-directory /Users/acb/Library/Developer/Xcode/DerivedData/Murmur-etkfshwcyrqjrsbhfmwbarjcnsni/Build/Intermediates.noindex/SwiftExplicitPrecompiledModules

WriteAuxiliaryFile /Users/acb/Library/Developer/Xcode/DerivedData/Murmur-etkfshwcyrqjrsbhfmwbarjcnsni/Build/Intermediates.noindex/Murmur.build/Debug-iphonesimulator/Murmur-1d57bbe91edca00d5c5c4efdac7e190d-VFS-iphonesimulator/all-product-headers.yaml
    cd /Users/acb/Code/Murmur/Murmur.xcodeproj
    write-file /Users/acb/Library/Developer/Xcode/DerivedData/Murmur-etkfshwcyrqjrsbhfmwbarjcnsni/Build/Intermediates.noindex/Murmur.build/Debug-iphonesimulator/Murmur-1d57bbe91edca00d5c5c4efdac7e190d-VFS-iphonesimulator/all-product-headers.yaml

CreateBuildDirectory /Users/acb/Library/Developer/Xcode/DerivedData/Murmur-etkfshwcyrqjrsbhfmwbarjcnsni/Build/Intermediates.noindex/EagerLinkingTBDs/Debug-iphonesimulator
    cd /Users/acb/Code/Murmur/Murmur.xcodeproj
    builtin-create-build-directory /Users/acb/Library/Developer/Xcode/DerivedData/Murmur-etkfshwcyrqjrsbhfmwbarjcnsni/Build/Intermediates.noindex/EagerLinkingTBDs/Debug-iphonesimulator

WriteAuxiliaryFile /Users/acb/Library/Developer/Xcode/DerivedData/Murmur-etkfshwcyrqjrsbhfmwbarjcnsni/Build/Intermediates.noindex/Murmur.build/Debug-iphonesimulator/Murmur.build/Murmur.hmap (in target 'Murmur' from project 'Murmur')
    cd /Users/acb/Code/Murmur
    write-file /Users/acb/Library/Developer/Xcode/DerivedData/Murmur-etkfshwcyrqjrsbhfmwbarjcnsni/Build/Intermediates.noindex/Murmur.build/Debug-iphonesimulator/Murmur.build/Murmur.hmap

WriteAuxiliaryFile /Users/acb/Library/Developer/Xcode/DerivedData/Murmur-etkfshwcyrqjrsbhfmwbarjcnsni/Build/Intermediates.noindex/Murmur.build/Debug-iphonesimulator/Murmur.build/Murmur-own-target-headers.hmap (in target 'Murmur' from project 'Murmur')
    cd /Users/acb/Code/Murmur
    write-file /Users/acb/Library/Developer/Xcode/DerivedData/Murmur-etkfshwcyrqjrsbhfmwbarjcnsni/Build/Intermediates.noindex/Murmur.build/Debug-iphonesimulator/Murmur.build/Murmur-own-target-headers.hmap

WriteAuxiliaryFile /Users/acb/Library/Developer/Xcode/DerivedData/Murmur-etkfshwcyrqjrsbhfmwbarjcnsni/Build/Intermediates.noindex/Murmur.build/Debug-iphonesimulator/Murmur.build/Murmur.DependencyMetadataFileList (in target 'Murmur' from project 'Murmur')
    cd /Users/acb/Code/Murmur
    write-file /Users/acb/Library/Developer/Xcode/DerivedData/Murmur-etkfshwcyrqjrsbhfmwbarjcnsni/Build/Intermediates.noindex/Murmur.build/Debug-iphonesimulator/Murmur.build/Murmur.DependencyMetadataFileList

WriteAuxiliaryFile /Users/acb/Library/Developer/Xcode/DerivedData/Murmur-etkfshwcyrqjrsbhfmwbarjcnsni/Build/Intermediates.noindex/Murmur.build/Debug-iphonesimulator/Murmur.build/Murmur-generated-files.hmap (in target 'Murmur' from project 'Murmur')
    cd /Users/acb/Code/Murmur
    write-file /Users/acb/Library/Developer/Xcode/DerivedData/Murmur-etkfshwcyrqjrsbhfmwbarjcnsni/Build/Intermediates.noindex/Murmur.build/Debug-iphonesimulator/Murmur.build/Murmur-generated-files.hmap

WriteAuxiliaryFile /Users/acb/Library/Developer/Xcode/DerivedData/Murmur-etkfshwcyrqjrsbhfmwbarjcnsni/Build/Intermediates.noindex/Murmur.build/Debug-iphonesimulator/Murmur.build/Murmur-all-target-headers.hmap (in target 'Murmur' from project 'Murmur')
    cd /Users/acb/Code/Murmur
    write-file /Users/acb/Library/Developer/Xcode/DerivedData/Murmur-etkfshwcyrqjrsbhfmwbarjcnsni/Build/Intermediates.noindex/Murmur.build/Debug-iphonesimulator/Murmur.build/Murmur-all-target-headers.hmap

WriteAuxiliaryFile /Users/acb/Library/Developer/Xcode/DerivedData/Murmur-etkfshwcyrqjrsbhfmwbarjcnsni/Build/Intermediates.noindex/Murmur.build/Debug-iphonesimulator/Murmur.build/Murmur-all-non-framework-target-headers.hmap (in target 'Murmur' from project 'Murmur')
    cd /Users/acb/Code/Murmur
    write-file /Users/acb/Library/Developer/Xcode/DerivedData/Murmur-etkfshwcyrqjrsbhfmwbarjcnsni/Build/Intermediates.noindex/Murmur.build/Debug-iphonesimulator/Murmur.build/Murmur-all-non-framework-target-headers.hmap

WriteAuxiliaryFile /Users/acb/Library/Developer/Xcode/DerivedData/Murmur-etkfshwcyrqjrsbhfmwbarjcnsni/Build/Intermediates.noindex/Murmur.build/Debug-iphonesimulator/Murmur.build/Murmur.DependencyStaticMetadataFileList (in target 'Murmur' from project 'Murmur')
    cd /Users/acb/Code/Murmur
    write-file /Users/acb/Library/Developer/Xcode/DerivedData/Murmur-etkfshwcyrqjrsbhfmwbarjcnsni/Build/Intermediates.noindex/Murmur.build/Debug-iphonesimulator/Murmur.build/Murmur.DependencyStaticMetadataFileList

WriteAuxiliaryFile /Users/acb/Library/Developer/Xcode/DerivedData/Murmur-etkfshwcyrqjrsbhfmwbarjcnsni/Build/Intermediates.noindex/Murmur.build/Debug-iphonesimulator/Murmur.build/Murmur-project-headers.hmap (in target 'Murmur' from project 'Murmur')
    cd /Users/acb/Code/Murmur
    write-file /Users/acb/Library/Developer/Xcode/DerivedData/Murmur-etkfshwcyrqjrsbhfmwbarjcnsni/Build/Intermediates.noindex/Murmur.build/Debug-iphonesimulator/Murmur.build/Murmur-project-headers.hmap

WriteAuxiliaryFile /Users/acb/Library/Developer/Xcode/DerivedData/Murmur-etkfshwcyrqjrsbhfmwbarjcnsni/Build/Intermediates.noindex/Murmur.build/Debug-iphonesimulator/Murmur.build/Objects-normal/arm64/Murmur_const_extract_protocols.json (in target 'Murmur' from project 'Murmur')
    cd /Users/acb/Code/Murmur
    write-file /Users/acb/Library/Developer/Xcode/DerivedData/Murmur-etkfshwcyrqjrsbhfmwbarjcnsni/Build/Intermediates.noindex/Murmur.build/Debug-iphonesimulator/Murmur.build/Objects-normal/arm64/Murmur_const_extract_protocols.json

WriteAuxiliaryFile /Users/acb/Library/Developer/Xcode/DerivedData/Murmur-etkfshwcyrqjrsbhfmwbarjcnsni/Build/Intermediates.noindex/Murmur.build/Debug-iphonesimulator/Murmur.build/Objects-normal/arm64/Murmur.LinkFileList (in target 'Murmur' from project 'Murmur')
    cd /Users/acb/Code/Murmur
    write-file /Users/acb/Library/Developer/Xcode/DerivedData/Murmur-etkfshwcyrqjrsbhfmwbarjcnsni/Build/Intermediates.noindex/Murmur.build/Debug-iphonesimulator/Murmur.build/Objects-normal/arm64/Murmur.LinkFileList

WriteAuxiliaryFile /Users/acb/Library/Developer/Xcode/DerivedData/Murmur-etkfshwcyrqjrsbhfmwbarjcnsni/Build/Intermediates.noindex/Murmur.build/Debug-iphonesimulator/Murmur.build/Objects-normal/arm64/Murmur-OutputFileMap.json (in target 'Murmur' from project 'Murmur')
    cd /Users/acb/Code/Murmur
    write-file /Users/acb/Library/Developer/Xcode/DerivedData/Murmur-etkfshwcyrqjrsbhfmwbarjcnsni/Build/Intermediates.noindex/Murmur.build/Debug-iphonesimulator/Murmur.build/Objects-normal/arm64/Murmur-OutputFileMap.json

WriteAuxiliaryFile /Users/acb/Library/Developer/Xcode/DerivedData/Murmur-etkfshwcyrqjrsbhfmwbarjcnsni/Build/Intermediates.noindex/Murmur.build/Debug-iphonesimulator/Murmur.build/Objects-normal/arm64/Murmur.SwiftConstValuesFileList (in target 'Murmur' from project 'Murmur')
    cd /Users/acb/Code/Murmur
    write-file /Users/acb/Library/Developer/Xcode/DerivedData/Murmur-etkfshwcyrqjrsbhfmwbarjcnsni/Build/Intermediates.noindex/Murmur.build/Debug-iphonesimulator/Murmur.build/Objects-normal/arm64/Murmur.SwiftConstValuesFileList

WriteAuxiliaryFile /Users/acb/Library/Developer/Xcode/DerivedData/Murmur-etkfshwcyrqjrsbhfmwbarjcnsni/Build/Intermediates.noindex/Murmur.build/Debug-iphonesimulator/Murmur.build/Objects-normal/arm64/Murmur.SwiftFileList (in target 'Murmur' from project 'Murmur')
    cd /Users/acb/Code/Murmur
    write-file /Users/acb/Library/Developer/Xcode/DerivedData/Murmur-etkfshwcyrqjrsbhfmwbarjcnsni/Build/Intermediates.noindex/Murmur.build/Debug-iphonesimulator/Murmur.build/Objects-normal/arm64/Murmur.SwiftFileList

WriteAuxiliaryFile /Users/acb/Library/Developer/Xcode/DerivedData/Murmur-etkfshwcyrqjrsbhfmwbarjcnsni/Build/Intermediates.noindex/Murmur.build/Debug-iphonesimulator/Murmur.build/Murmur-DebugDylibInstallName-normal-arm64.txt (in target 'Murmur' from project 'Murmur')
    cd /Users/acb/Code/Murmur
    write-file /Users/acb/Library/Developer/Xcode/DerivedData/Murmur-etkfshwcyrqjrsbhfmwbarjcnsni/Build/Intermediates.noindex/Murmur.build/Debug-iphonesimulator/Murmur.build/Murmur-DebugDylibInstallName-normal-arm64.txt

WriteAuxiliaryFile /Users/acb/Library/Developer/Xcode/DerivedData/Murmur-etkfshwcyrqjrsbhfmwbarjcnsni/Build/Intermediates.noindex/Murmur.build/Debug-iphonesimulator/Murmur.build/Murmur-DebugDylibPath-normal-arm64.txt (in target 'Murmur' from project 'Murmur')
    cd /Users/acb/Code/Murmur
    write-file /Users/acb/Library/Developer/Xcode/DerivedData/Murmur-etkfshwcyrqjrsbhfmwbarjcnsni/Build/Intermediates.noindex/Murmur.build/Debug-iphonesimulator/Murmur.build/Murmur-DebugDylibPath-normal-arm64.txt

WriteAuxiliaryFile /Users/acb/Library/Developer/Xcode/DerivedData/Murmur-etkfshwcyrqjrsbhfmwbarjcnsni/Build/Intermediates.noindex/Murmur.build/Debug-iphonesimulator/Murmur.build/DerivedSources/Entitlements-Simulated.plist (in target 'Murmur' from project 'Murmur')
    cd /Users/acb/Code/Murmur
    write-file /Users/acb/Library/Developer/Xcode/DerivedData/Murmur-etkfshwcyrqjrsbhfmwbarjcnsni/Build/Intermediates.noindex/Murmur.build/Debug-iphonesimulator/Murmur.build/DerivedSources/Entitlements-Simulated.plist

MkDir /Users/acb/Library/Developer/Xcode/DerivedData/Murmur-etkfshwcyrqjrsbhfmwbarjcnsni/Build/Products/Debug-iphonesimulator/Murmur.app (in target 'Murmur' from project 'Murmur')
    cd /Users/acb/Code/Murmur
    /bin/mkdir -p /Users/acb/Library/Developer/Xcode/DerivedData/Murmur-etkfshwcyrqjrsbhfmwbarjcnsni/Build/Products/Debug-iphonesimulator/Murmur.app

ProcessProductPackaging /Users/acb/Code/Murmur/Murmur/Murmur.entitlements /Users/acb/Library/Developer/Xcode/DerivedData/Murmur-etkfshwcyrqjrsbhfmwbarjcnsni/Build/Intermediates.noindex/Murmur.build/Debug-iphonesimulator/Murmur.build/Murmur.app.xcent (in target 'Murmur' from project 'Murmur')
    cd /Users/acb/Code/Murmur
    
    Entitlements:
    
    {
}
    
    builtin-productPackagingUtility /Users/acb/Code/Murmur/Murmur/Murmur.entitlements -entitlements -format xml -o /Users/acb/Library/Developer/Xcode/DerivedData/Murmur-etkfshwcyrqjrsbhfmwbarjcnsni/Build/Intermediates.noindex/Murmur.build/Debug-iphonesimulator/Murmur.build/Murmur.app.xcent

ProcessProductPackaging /Users/acb/Code/Murmur/Murmur/Murmur.entitlements /Users/acb/Library/Developer/Xcode/DerivedData/Murmur-etkfshwcyrqjrsbhfmwbarjcnsni/Build/Intermediates.noindex/Murmur.build/Debug-iphonesimulator/Murmur.build/Murmur.app-Simulated.xcent (in target 'Murmur' from project 'Murmur')
    cd /Users/acb/Code/Murmur
    
    Entitlements:
    
    {
    "application-identifier" = "HK6R36PLNR.com.cornelius-bell.Murmur";
    "com.apple.developer.healthkit" = 1;
}
    
    builtin-productPackagingUtility /Users/acb/Code/Murmur/Murmur/Murmur.entitlements -entitlements -format xml -o /Users/acb/Library/Developer/Xcode/DerivedData/Murmur-etkfshwcyrqjrsbhfmwbarjcnsni/Build/Intermediates.noindex/Murmur.build/Debug-iphonesimulator/Murmur.build/Murmur.app-Simulated.xcent

ProcessProductPackagingDER /Users/acb/Library/Developer/Xcode/DerivedData/Murmur-etkfshwcyrqjrsbhfmwbarjcnsni/Build/Intermediates.noindex/Murmur.build/Debug-iphonesimulator/Murmur.build/Murmur.app.xcent /Users/acb/Library/Developer/Xcode/DerivedData/Murmur-etkfshwcyrqjrsbhfmwbarjcnsni/Build/Intermediates.noindex/Murmur.build/Debug-iphonesimulator/Murmur.build/Murmur.app.xcent.der (in target 'Murmur' from project 'Murmur')
    cd /Users/acb/Code/Murmur
    /usr/bin/derq query -f xml -i /Users/acb/Library/Developer/Xcode/DerivedData/Murmur-etkfshwcyrqjrsbhfmwbarjcnsni/Build/Intermediates.noindex/Murmur.build/Debug-iphonesimulator/Murmur.build/Murmur.app.xcent -o /Users/acb/Library/Developer/Xcode/DerivedData/Murmur-etkfshwcyrqjrsbhfmwbarjcnsni/Build/Intermediates.noindex/Murmur.build/Debug-iphonesimulator/Murmur.build/Murmur.app.xcent.der --raw

ProcessProductPackagingDER /Users/acb/Library/Developer/Xcode/DerivedData/Murmur-etkfshwcyrqjrsbhfmwbarjcnsni/Build/Intermediates.noindex/Murmur.build/Debug-iphonesimulator/Murmur.build/Murmur.app-Simulated.xcent /Users/acb/Library/Developer/Xcode/DerivedData/Murmur-etkfshwcyrqjrsbhfmwbarjcnsni/Build/Intermediates.noindex/Murmur.build/Debug-iphonesimulator/Murmur.build/Murmur.app-Simulated.xcent.der (in target 'Murmur' from project 'Murmur')
    cd /Users/acb/Code/Murmur
    /usr/bin/derq query -f xml -i /Users/acb/Library/Developer/Xcode/DerivedData/Murmur-etkfshwcyrqjrsbhfmwbarjcnsni/Build/Intermediates.noindex/Murmur.build/Debug-iphonesimulator/Murmur.build/Murmur.app-Simulated.xcent -o /Users/acb/Library/Developer/Xcode/DerivedData/Murmur-etkfshwcyrqjrsbhfmwbarjcnsni/Build/Intermediates.noindex/Murmur.build/Debug-iphonesimulator/Murmur.build/Murmur.app-Simulated.xcent.der --raw

DataModelCompile /Users/acb/Library/Developer/Xcode/DerivedData/Murmur-etkfshwcyrqjrsbhfmwbarjcnsni/Build/Products/Debug-iphonesimulator/Murmur.app/ /Users/acb/Code/Murmur/Murmur/Models/Murmur.xcdatamodeld (in target 'Murmur' from project 'Murmur')
    cd /Users/acb/Code/Murmur
    /Applications/Xcode.app/Contents/Developer/usr/bin/momc --sdkroot /Applications/Xcode.app/Contents/Developer/Platforms/iPhoneSimulator.platform/Developer/SDKs/iPhoneSimulator26.0.sdk --iphonesimulator-deployment-target 18.0 --module Murmur /Users/acb/Code/Murmur/Murmur/Models/Murmur.xcdatamodeld /Users/acb/Library/Developer/Xcode/DerivedData/Murmur-etkfshwcyrqjrsbhfmwbarjcnsni/Build/Products/Debug-iphonesimulator/Murmur.app/

GenerateAssetSymbols /Users/acb/Code/Murmur/Murmur/Resources/Assets.xcassets /Users/acb/Code/Murmur/Murmur/Resources/Colors.xcassets (in target 'Murmur' from project 'Murmur')
    cd /Users/acb/Code/Murmur
    /Applications/Xcode.app/Contents/Developer/usr/bin/actool /Users/acb/Code/Murmur/Murmur/Resources/Assets.xcassets /Users/acb/Code/Murmur/Murmur/Resources/Colors.xcassets --compile /Users/acb/Library/Developer/Xcode/DerivedData/Murmur-etkfshwcyrqjrsbhfmwbarjcnsni/Build/Products/Debug-iphonesimulator/Murmur.app --output-format human-readable-text --notices --warnings --export-dependency-info /Users/acb/Library/Developer/Xcode/DerivedData/Murmur-etkfshwcyrqjrsbhfmwbarjcnsni/Build/Intermediates.noindex/Murmur.build/Debug-iphonesimulator/Murmur.build/assetcatalog_dependencies --output-partial-info-plist /Users/acb/Library/Developer/Xcode/DerivedData/Murmur-etkfshwcyrqjrsbhfmwbarjcnsni/Build/Intermediates.noindex/Murmur.build/Debug-iphonesimulator/Murmur.build/assetcatalog_generated_info.plist --app-icon AppIcon --compress-pngs --enable-on-demand-resources YES --development-region en --target-device iphone --target-device ipad --minimum-deployment-target 18.0 --platform iphonesimulator --bundle-identifier com.cornelius-bell.Murmur --generate-swift-asset-symbols /Users/acb/Library/Developer/Xcode/DerivedData/Murmur-etkfshwcyrqjrsbhfmwbarjcnsni/Build/Intermediates.noindex/Murmur.build/Debug-iphonesimulator/Murmur.build/DerivedSources/GeneratedAssetSymbols.swift --generate-objc-asset-symbols /Users/acb/Library/Developer/Xcode/DerivedData/Murmur-etkfshwcyrqjrsbhfmwbarjcnsni/Build/Intermediates.noindex/Murmur.build/Debug-iphonesimulator/Murmur.build/DerivedSources/GeneratedAssetSymbols.h --generate-asset-symbol-index /Users/acb/Library/Developer/Xcode/DerivedData/Murmur-etkfshwcyrqjrsbhfmwbarjcnsni/Build/Intermediates.noindex/Murmur.build/Debug-iphonesimulator/Murmur.build/DerivedSources/GeneratedAssetSymbols-Index.plist
/* com.apple.actool.compilation-results */
/Users/acb/Library/Developer/Xcode/DerivedData/Murmur-etkfshwcyrqjrsbhfmwbarjcnsni/Build/Intermediates.noindex/Murmur.build/Debug-iphonesimulator/Murmur.build/DerivedSources/GeneratedAssetSymbols-Index.plist
/Users/acb/Library/Developer/Xcode/DerivedData/Murmur-etkfshwcyrqjrsbhfmwbarjcnsni/Build/Intermediates.noindex/Murmur.build/Debug-iphonesimulator/Murmur.build/DerivedSources/GeneratedAssetSymbols.h
/Users/acb/Library/Developer/Xcode/DerivedData/Murmur-etkfshwcyrqjrsbhfmwbarjcnsni/Build/Intermediates.noindex/Murmur.build/Debug-iphonesimulator/Murmur.build/DerivedSources/GeneratedAssetSymbols.swift


CompileStoryboard /Users/acb/Code/Murmur/Murmur/Resources/LaunchScreen.storyboard (in target 'Murmur' from project 'Murmur')
    cd /Users/acb/Code/Murmur
    /Applications/Xcode.app/Contents/Developer/usr/bin/ibtool --errors --warnings --notices --module Murmur --output-partial-info-plist /Users/acb/Library/Developer/Xcode/DerivedData/Murmur-etkfshwcyrqjrsbhfmwbarjcnsni/Build/Intermediates.noindex/Murmur.build/Debug-iphonesimulator/Murmur.build/LaunchScreen-SBPartialInfo.plist --auto-activate-custom-fonts --target-device iphone --target-device ipad --minimum-deployment-target 18.0 --output-format human-readable-text /Users/acb/Code/Murmur/Murmur/Resources/LaunchScreen.storyboard --compilation-directory /Users/acb/Library/Developer/Xcode/DerivedData/Murmur-etkfshwcyrqjrsbhfmwbarjcnsni/Build/Intermediates.noindex/Murmur.build/Debug-iphonesimulator/Murmur.build

Ld /Users/acb/Library/Developer/Xcode/DerivedData/Murmur-etkfshwcyrqjrsbhfmwbarjcnsni/Build/Products/Debug-iphonesimulator/Murmur.app/__preview.dylib normal (in target 'Murmur' from project 'Murmur')
    cd /Users/acb/Code/Murmur
    /Applications/Xcode.app/Contents/Developer/Toolchains/XcodeDefault.xctoolchain/usr/bin/clang -Xlinker -reproducible -target arm64-apple-ios18.0-simulator -dynamiclib -isysroot /Applications/Xcode.app/Contents/Developer/Platforms/iPhoneSimulator.platform/Developer/SDKs/iPhoneSimulator26.0.sdk -O0 -L/Users/acb/Library/Developer/Xcode/DerivedData/Murmur-etkfshwcyrqjrsbhfmwbarjcnsni/Build/Products/Debug-iphonesimulator -F/Users/acb/Library/Developer/Xcode/DerivedData/Murmur-etkfshwcyrqjrsbhfmwbarjcnsni/Build/Products/Debug-iphonesimulator -install_name @rpath/Murmur.debug.dylib -dead_strip -rdynamic -Xlinker -no_deduplicate -Xlinker -objc_abi_version -Xlinker 2 -Xlinker -dependency_info -Xlinker /Users/acb/Library/Developer/Xcode/DerivedData/Murmur-etkfshwcyrqjrsbhfmwbarjcnsni/Build/Intermediates.noindex/Murmur.build/Debug-iphonesimulator/Murmur.build/Objects-normal/arm64/Murmur_dependency_info.dat -Xlinker -sectcreate -Xlinker __TEXT -Xlinker __entitlements -Xlinker /Users/acb/Library/Developer/Xcode/DerivedData/Murmur-etkfshwcyrqjrsbhfmwbarjcnsni/Build/Intermediates.noindex/Murmur.build/Debug-iphonesimulator/Murmur.build/Murmur.app-Simulated.xcent -Xlinker -sectcreate -Xlinker __TEXT -Xlinker __ents_der -Xlinker /Users/acb/Library/Developer/Xcode/DerivedData/Murmur-etkfshwcyrqjrsbhfmwbarjcnsni/Build/Intermediates.noindex/Murmur.build/Debug-iphonesimulator/Murmur.build/Murmur.app-Simulated.xcent.der -Xlinker -no_adhoc_codesign -o /Users/acb/Library/Developer/Xcode/DerivedData/Murmur-etkfshwcyrqjrsbhfmwbarjcnsni/Build/Products/Debug-iphonesimulator/Murmur.app/__preview.dylib

MkDir /Users/acb/Library/Developer/Xcode/DerivedData/Murmur-etkfshwcyrqjrsbhfmwbarjcnsni/Build/Intermediates.noindex/Murmur.build/Debug-iphonesimulator/Murmur.build/assetcatalog_output/thinned (in target 'Murmur' from project 'Murmur')
    cd /Users/acb/Code/Murmur
    /bin/mkdir -p /Users/acb/Library/Developer/Xcode/DerivedData/Murmur-etkfshwcyrqjrsbhfmwbarjcnsni/Build/Intermediates.noindex/Murmur.build/Debug-iphonesimulator/Murmur.build/assetcatalog_output/thinned

MkDir /Users/acb/Library/Developer/Xcode/DerivedData/Murmur-etkfshwcyrqjrsbhfmwbarjcnsni/Build/Intermediates.noindex/Murmur.build/Debug-iphonesimulator/Murmur.build/assetcatalog_output/unthinned (in target 'Murmur' from project 'Murmur')
    cd /Users/acb/Code/Murmur
    /bin/mkdir -p /Users/acb/Library/Developer/Xcode/DerivedData/Murmur-etkfshwcyrqjrsbhfmwbarjcnsni/Build/Intermediates.noindex/Murmur.build/Debug-iphonesimulator/Murmur.build/assetcatalog_output/unthinned

CompileAssetCatalogVariant thinned /Users/acb/Library/Developer/Xcode/DerivedData/Murmur-etkfshwcyrqjrsbhfmwbarjcnsni/Build/Products/Debug-iphonesimulator/Murmur.app /Users/acb/Code/Murmur/Murmur/Resources/Assets.xcassets /Users/acb/Code/Murmur/Murmur/Resources/Colors.xcassets (in target 'Murmur' from project 'Murmur')
    cd /Users/acb/Code/Murmur
    /Applications/Xcode.app/Contents/Developer/usr/bin/actool /Users/acb/Code/Murmur/Murmur/Resources/Assets.xcassets /Users/acb/Code/Murmur/Murmur/Resources/Colors.xcassets --compile /Users/acb/Library/Developer/Xcode/DerivedData/Murmur-etkfshwcyrqjrsbhfmwbarjcnsni/Build/Intermediates.noindex/Murmur.build/Debug-iphonesimulator/Murmur.build/assetcatalog_output/thinned --output-format human-readable-text --notices --warnings --export-dependency-info /Users/acb/Library/Developer/Xcode/DerivedData/Murmur-etkfshwcyrqjrsbhfmwbarjcnsni/Build/Intermediates.noindex/Murmur.build/Debug-iphonesimulator/Murmur.build/assetcatalog_dependencies_thinned --output-partial-info-plist /Users/acb/Library/Developer/Xcode/DerivedData/Murmur-etkfshwcyrqjrsbhfmwbarjcnsni/Build/Intermediates.noindex/Murmur.build/Debug-iphonesimulator/Murmur.build/assetcatalog_generated_info.plist_thinned --app-icon AppIcon --compress-pngs --enable-on-demand-resources YES --filter-for-thinning-device-configuration iPhone17,3 --filter-for-device-os-version 18.6 --development-region en --target-device iphone --target-device ipad --minimum-deployment-target 18.0 --platform iphonesimulator

SwiftDriver\ Compilation Murmur normal arm64 com.apple.xcode.tools.swift.compiler (in target 'Murmur' from project 'Murmur')
    cd /Users/acb/Code/Murmur
    builtin-Swift-Compilation -- /Applications/Xcode.app/Contents/Developer/Toolchains/XcodeDefault.xctoolchain/usr/bin/swiftc -module-name Murmur -Onone -enforce-exclusivity\=checked @/Users/acb/Library/Developer/Xcode/DerivedData/Murmur-etkfshwcyrqjrsbhfmwbarjcnsni/Build/Intermediates.noindex/Murmur.build/Debug-iphonesimulator/Murmur.build/Objects-normal/arm64/Murmur.SwiftFileList -DDEBUG -enable-bare-slash-regex -enable-experimental-feature DebugDescriptionMacro -sdk /Applications/Xcode.app/Contents/Developer/Platforms/iPhoneSimulator.platform/Developer/SDKs/iPhoneSimulator26.0.sdk -target arm64-apple-ios18.0-simulator -g -module-cache-path /Users/acb/Library/Developer/Xcode/DerivedData/ModuleCache.noindex -Xfrontend -serialize-debugging-options -enable-testing -index-store-path /Users/acb/Library/Developer/Xcode/DerivedData/Murmur-etkfshwcyrqjrsbhfmwbarjcnsni/Index.noindex/DataStore -Xcc -D_LIBCPP_HARDENING_MODE\=_LIBCPP_HARDENING_MODE_DEBUG -swift-version 5 -I /Users/acb/Library/Developer/Xcode/DerivedData/Murmur-etkfshwcyrqjrsbhfmwbarjcnsni/Build/Products/Debug-iphonesimulator -F /Users/acb/Library/Developer/Xcode/DerivedData/Murmur-etkfshwcyrqjrsbhfmwbarjcnsni/Build/Products/Debug-iphonesimulator -emit-localized-strings -emit-localized-strings-path /Users/acb/Library/Developer/Xcode/DerivedData/Murmur-etkfshwcyrqjrsbhfmwbarjcnsni/Build/Intermediates.noindex/Murmur.build/Debug-iphonesimulator/Murmur.build/Objects-normal/arm64 -c -j14 -enable-batch-mode -incremental -Xcc -ivfsstatcache -Xcc /Users/acb/Library/Developer/Xcode/DerivedData/SDKStatCaches.noindex/iphonesimulator26.0-23A339-26257891a6c027eb51374368541b8346.sdkstatcache -output-file-map /Users/acb/Library/Developer/Xcode/DerivedData/Murmur-etkfshwcyrqjrsbhfmwbarjcnsni/Build/Intermediates.noindex/Murmur.build/Debug-iphonesimulator/Murmur.build/Objects-normal/arm64/Murmur-OutputFileMap.json -use-frontend-parseable-output -save-temps -no-color-diagnostics -explicit-module-build -module-cache-path /Users/acb/Library/Developer/Xcode/DerivedData/Murmur-etkfshwcyrqjrsbhfmwbarjcnsni/Build/Intermediates.noindex/SwiftExplicitPrecompiledModules -clang-scanner-module-cache-path /Users/acb/Library/Developer/Xcode/DerivedData/ModuleCache.noindex -sdk-module-cache-path /Users/acb/Library/Developer/Xcode/DerivedData/ModuleCache.noindex -serialize-diagnostics -emit-dependencies -emit-module -emit-module-path /Users/acb/Library/Developer/Xcode/DerivedData/Murmur-etkfshwcyrqjrsbhfmwbarjcnsni/Build/Intermediates.noindex/Murmur.build/Debug-iphonesimulator/Murmur.build/Objects-normal/arm64/Murmur.swiftmodule -validate-clang-modules-once -clang-build-session-file /Users/acb/Library/Developer/Xcode/DerivedData/ModuleCache.noindex/Session.modulevalidation -Xcc -I/Users/acb/Library/Developer/Xcode/DerivedData/Murmur-etkfshwcyrqjrsbhfmwbarjcnsni/Build/Intermediates.noindex/Murmur.build/Debug-iphonesimulator/Murmur.build/swift-overrides.hmap -emit-const-values -Xfrontend -const-gather-protocols-file -Xfrontend /Users/acb/Library/Developer/Xcode/DerivedData/Murmur-etkfshwcyrqjrsbhfmwbarjcnsni/Build/Intermediates.noindex/Murmur.build/Debug-iphonesimulator/Murmur.build/Objects-normal/arm64/Murmur_const_extract_protocols.json -Xcc -iquote -Xcc /Users/acb/Library/Developer/Xcode/DerivedData/Murmur-etkfshwcyrqjrsbhfmwbarjcnsni/Build/Intermediates.noindex/Murmur.build/Debug-iphonesimulator/Murmur.build/Murmur-generated-files.hmap -Xcc -I/Users/acb/Library/Developer/Xcode/DerivedData/Murmur-etkfshwcyrqjrsbhfmwbarjcnsni/Build/Intermediates.noindex/Murmur.build/Debug-iphonesimulator/Murmur.build/Murmur-own-target-headers.hmap -Xcc -I/Users/acb/Library/Developer/Xcode/DerivedData/Murmur-etkfshwcyrqjrsbhfmwbarjcnsni/Build/Intermediates.noindex/Murmur.build/Debug-iphonesimulator/Murmur.build/Murmur-all-target-headers.hmap -Xcc -iquote -Xcc /Users/acb/Library/Developer/Xcode/DerivedData/Murmur-etkfshwcyrqjrsbhfmwbarjcnsni/Build/Intermediates.noindex/Murmur.build/Debug-iphonesimulator/Murmur.build/Murmur-project-headers.hmap -Xcc -I/Users/acb/Library/Developer/Xcode/DerivedData/Murmur-etkfshwcyrqjrsbhfmwbarjcnsni/Build/Products/Debug-iphonesimulator/include -Xcc -I/Users/acb/Library/Developer/Xcode/DerivedData/Murmur-etkfshwcyrqjrsbhfmwbarjcnsni/Build/Intermediates.noindex/Murmur.build/Debug-iphonesimulator/Murmur.build/DerivedSources-normal/arm64 -Xcc -I/Users/acb/Library/Developer/Xcode/DerivedData/Murmur-etkfshwcyrqjrsbhfmwbarjcnsni/Build/Intermediates.noindex/Murmur.build/Debug-iphonesimulator/Murmur.build/DerivedSources/arm64 -Xcc -I/Users/acb/Library/Developer/Xcode/DerivedData/Murmur-etkfshwcyrqjrsbhfmwbarjcnsni/Build/Intermediates.noindex/Murmur.build/Debug-iphonesimulator/Murmur.build/DerivedSources -Xcc -DDEBUG\=1 -emit-objc-header -emit-objc-header-path /Users/acb/Library/Developer/Xcode/DerivedData/Murmur-etkfshwcyrqjrsbhfmwbarjcnsni/Build/Intermediates.noindex/Murmur.build/Debug-iphonesimulator/Murmur.build/Objects-normal/arm64/Murmur-Swift.h -working-directory /Users/acb/Code/Murmur -experimental-emit-module-separately -disable-cmo
error: Build input files cannot be found: '/Users/acb/Code/Murmur/Murmur/Murmur/AppIntents/LogSymptomIntent.swift', '/Users/acb/Code/Murmur/Murmur/Murmur/AppIntents/OpenAddEntryIntent.swift', '/Users/acb/Code/Murmur/Murmur/Murmur/AppIntents/OpenAddActivityIntent.swift', '/Users/acb/Code/Murmur/Murmur/Murmur/AppIntents/GetRecentEntriesIntent.swift', '/Users/acb/Code/Murmur/Murmur/Murmur/AppIntents/DataQueryIntents.swift', '/Users/acb/Code/Murmur/Murmur/Murmur/AppIntents/AppEntities.swift'. Did you forget to declare these files as outputs of any script phases or custom build rules which produce them? (in target 'Murmur' from project 'Murmur')

SwiftDriver\ Compilation\ Requirements Murmur normal arm64 com.apple.xcode.tools.swift.compiler (in target 'Murmur' from project 'Murmur')
    cd /Users/acb/Code/Murmur
    builtin-Swift-Compilation-Requirements -- /Applications/Xcode.app/Contents/Developer/Toolchains/XcodeDefault.xctoolchain/usr/bin/swiftc -module-name Murmur -Onone -enforce-exclusivity\=checked @/Users/acb/Library/Developer/Xcode/DerivedData/Murmur-etkfshwcyrqjrsbhfmwbarjcnsni/Build/Intermediates.noindex/Murmur.build/Debug-iphonesimulator/Murmur.build/Objects-normal/arm64/Murmur.SwiftFileList -DDEBUG -enable-bare-slash-regex -enable-experimental-feature DebugDescriptionMacro -sdk /Applications/Xcode.app/Contents/Developer/Platforms/iPhoneSimulator.platform/Developer/SDKs/iPhoneSimulator26.0.sdk -target arm64-apple-ios18.0-simulator -g -module-cache-path /Users/acb/Library/Developer/Xcode/DerivedData/ModuleCache.noindex -Xfrontend -serialize-debugging-options -enable-testing -index-store-path /Users/acb/Library/Developer/Xcode/DerivedData/Murmur-etkfshwcyrqjrsbhfmwbarjcnsni/Index.noindex/DataStore -Xcc -D_LIBCPP_HARDENING_MODE\=_LIBCPP_HARDENING_MODE_DEBUG -swift-version 5 -I /Users/acb/Library/Developer/Xcode/DerivedData/Murmur-etkfshwcyrqjrsbhfmwbarjcnsni/Build/Products/Debug-iphonesimulator -F /Users/acb/Library/Developer/Xcode/DerivedData/Murmur-etkfshwcyrqjrsbhfmwbarjcnsni/Build/Products/Debug-iphonesimulator -emit-localized-strings -emit-localized-strings-path /Users/acb/Library/Developer/Xcode/DerivedData/Murmur-etkfshwcyrqjrsbhfmwbarjcnsni/Build/Intermediates.noindex/Murmur.build/Debug-iphonesimulator/Murmur.build/Objects-normal/arm64 -c -j14 -enable-batch-mode -incremental -Xcc -ivfsstatcache -Xcc /Users/acb/Library/Developer/Xcode/DerivedData/SDKStatCaches.noindex/iphonesimulator26.0-23A339-26257891a6c027eb51374368541b8346.sdkstatcache -output-file-map /Users/acb/Library/Developer/Xcode/DerivedData/Murmur-etkfshwcyrqjrsbhfmwbarjcnsni/Build/Intermediates.noindex/Murmur.build/Debug-iphonesimulator/Murmur.build/Objects-normal/arm64/Murmur-OutputFileMap.json -use-frontend-parseable-output -save-temps -no-color-diagnostics -explicit-module-build -module-cache-path /Users/acb/Library/Developer/Xcode/DerivedData/Murmur-etkfshwcyrqjrsbhfmwbarjcnsni/Build/Intermediates.noindex/SwiftExplicitPrecompiledModules -clang-scanner-module-cache-path /Users/acb/Library/Developer/Xcode/DerivedData/ModuleCache.noindex -sdk-module-cache-path /Users/acb/Library/Developer/Xcode/DerivedData/ModuleCache.noindex -serialize-diagnostics -emit-dependencies -emit-module -emit-module-path /Users/acb/Library/Developer/Xcode/DerivedData/Murmur-etkfshwcyrqjrsbhfmwbarjcnsni/Build/Intermediates.noindex/Murmur.build/Debug-iphonesimulator/Murmur.build/Objects-normal/arm64/Murmur.swiftmodule -validate-clang-modules-once -clang-build-session-file /Users/acb/Library/Developer/Xcode/DerivedData/ModuleCache.noindex/Session.modulevalidation -Xcc -I/Users/acb/Library/Developer/Xcode/DerivedData/Murmur-etkfshwcyrqjrsbhfmwbarjcnsni/Build/Intermediates.noindex/Murmur.build/Debug-iphonesimulator/Murmur.build/swift-overrides.hmap -emit-const-values -Xfrontend -const-gather-protocols-file -Xfrontend /Users/acb/Library/Developer/Xcode/DerivedData/Murmur-etkfshwcyrqjrsbhfmwbarjcnsni/Build/Intermediates.noindex/Murmur.build/Debug-iphonesimulator/Murmur.build/Objects-normal/arm64/Murmur_const_extract_protocols.json -Xcc -iquote -Xcc /Users/acb/Library/Developer/Xcode/DerivedData/Murmur-etkfshwcyrqjrsbhfmwbarjcnsni/Build/Intermediates.noindex/Murmur.build/Debug-iphonesimulator/Murmur.build/Murmur-generated-files.hmap -Xcc -I/Users/acb/Library/Developer/Xcode/DerivedData/Murmur-etkfshwcyrqjrsbhfmwbarjcnsni/Build/Intermediates.noindex/Murmur.build/Debug-iphonesimulator/Murmur.build/Murmur-own-target-headers.hmap -Xcc -I/Users/acb/Library/Developer/Xcode/DerivedData/Murmur-etkfshwcyrqjrsbhfmwbarjcnsni/Build/Intermediates.noindex/Murmur.build/Debug-iphonesimulator/Murmur.build/Murmur-all-target-headers.hmap -Xcc -iquote -Xcc /Users/acb/Library/Developer/Xcode/DerivedData/Murmur-etkfshwcyrqjrsbhfmwbarjcnsni/Build/Intermediates.noindex/Murmur.build/Debug-iphonesimulator/Murmur.build/Murmur-project-headers.hmap -Xcc -I/Users/acb/Library/Developer/Xcode/DerivedData/Murmur-etkfshwcyrqjrsbhfmwbarjcnsni/Build/Products/Debug-iphonesimulator/include -Xcc -I/Users/acb/Library/Developer/Xcode/DerivedData/Murmur-etkfshwcyrqjrsbhfmwbarjcnsni/Build/Intermediates.noindex/Murmur.build/Debug-iphonesimulator/Murmur.build/DerivedSources-normal/arm64 -Xcc -I/Users/acb/Library/Developer/Xcode/DerivedData/Murmur-etkfshwcyrqjrsbhfmwbarjcnsni/Build/Intermediates.noindex/Murmur.build/Debug-iphonesimulator/Murmur.build/DerivedSources/arm64 -Xcc -I/Users/acb/Library/Developer/Xcode/DerivedData/Murmur-etkfshwcyrqjrsbhfmwbarjcnsni/Build/Intermediates.noindex/Murmur.build/Debug-iphonesimulator/Murmur.build/DerivedSources -Xcc -DDEBUG\=1 -emit-objc-header -emit-objc-header-path /Users/acb/Library/Developer/Xcode/DerivedData/Murmur-etkfshwcyrqjrsbhfmwbarjcnsni/Build/Intermediates.noindex/Murmur.build/Debug-iphonesimulator/Murmur.build/Objects-normal/arm64/Murmur-Swift.h -working-directory /Users/acb/Code/Murmur -experimental-emit-module-separately -disable-cmo
error: Build input files cannot be found: '/Users/acb/Code/Murmur/Murmur/Murmur/AppIntents/LogSymptomIntent.swift', '/Users/acb/Code/Murmur/Murmur/Murmur/AppIntents/OpenAddEntryIntent.swift', '/Users/acb/Code/Murmur/Murmur/Murmur/AppIntents/OpenAddActivityIntent.swift', '/Users/acb/Code/Murmur/Murmur/Murmur/AppIntents/GetRecentEntriesIntent.swift', '/Users/acb/Code/Murmur/Murmur/Murmur/AppIntents/DataQueryIntents.swift', '/Users/acb/Code/Murmur/Murmur/Murmur/AppIntents/AppEntities.swift'. Did you forget to declare these files as outputs of any script phases or custom build rules which produce them? (in target 'Murmur' from project 'Murmur')

** BUILD FAILED **


The following build commands failed:
	SwiftDriver\ Compilation Murmur normal arm64 com.apple.xcode.tools.swift.compiler (in target 'Murmur' from project 'Murmur')
	SwiftDriver\ Compilation\ Requirements Murmur normal arm64 com.apple.xcode.tools.swift.compiler (in target 'Murmur' from project 'Murmur')
	Building project Murmur with scheme Murmur
(3 failures)
